[debug] [2024-03-02T20:09:52.885Z] ----------------------------------------------------------------------
[debug] [2024-03-02T20:09:52.887Z] Command:       C:\Program Files\nodejs\node.exe C:\Users\yingv\AppData\Roaming\npm\node_modules\firebase-tools\lib\bin\firebase.js deploy
[debug] [2024-03-02T20:09:52.887Z] CLI Version:   13.1.0
[debug] [2024-03-02T20:09:52.888Z] Platform:      win32
[debug] [2024-03-02T20:09:52.888Z] Node Version:  v20.10.0
[debug] [2024-03-02T20:09:52.888Z] Time:          Sun Mar 03 2024 03:09:52 GMT+0700 (เวลาอินโดจีน)
[debug] [2024-03-02T20:09:52.888Z] ----------------------------------------------------------------------
[debug] 
[debug] [2024-03-02T20:09:52.890Z] >>> [apiv2][query] GET https://firebase-public.firebaseio.com/cli.json [none]
[debug] [2024-03-02T20:09:53.002Z] > command requires scopes: ["email","openid","https://www.googleapis.com/auth/cloudplatformprojects.readonly","https://www.googleapis.com/auth/firebase","https://www.googleapis.com/auth/cloud-platform"]
[debug] [2024-03-02T20:09:53.003Z] > authorizing via signed-in user (65011212173@msu.ac.th)
[debug] [2024-03-02T20:09:53.003Z] [iam] checking project projectdisney-app for permissions ["firebase.projects.get","firebasehosting.sites.update"]
[debug] [2024-03-02T20:09:53.004Z] > refreshing access token with scopes: []
[debug] [2024-03-02T20:09:53.005Z] >>> [apiv2][query] POST https://www.googleapis.com/oauth2/v3/token [none]
[debug] [2024-03-02T20:09:53.005Z] >>> [apiv2][body] POST https://www.googleapis.com/oauth2/v3/token [omitted]
[debug] [2024-03-02T20:09:53.179Z] <<< [apiv2][status] POST https://www.googleapis.com/oauth2/v3/token 200
[debug] [2024-03-02T20:09:53.180Z] <<< [apiv2][body] POST https://www.googleapis.com/oauth2/v3/token [omitted]
[debug] [2024-03-02T20:09:53.185Z] >>> [apiv2][query] POST https://cloudresourcemanager.googleapis.com/v1/projects/projectdisney-app:testIamPermissions [none]
[debug] [2024-03-02T20:09:53.185Z] >>> [apiv2][(partial)header] POST https://cloudresourcemanager.googleapis.com/v1/projects/projectdisney-app:testIamPermissions x-goog-quota-user=projects/projectdisney-app
[debug] [2024-03-02T20:09:53.185Z] >>> [apiv2][body] POST https://cloudresourcemanager.googleapis.com/v1/projects/projectdisney-app:testIamPermissions {"permissions":["firebase.projects.get","firebasehosting.sites.update"]}
[debug] [2024-03-02T20:09:53.550Z] <<< [apiv2][status] GET https://firebase-public.firebaseio.com/cli.json 200
[debug] [2024-03-02T20:09:53.550Z] <<< [apiv2][body] GET https://firebase-public.firebaseio.com/cli.json {"cloudBuildErrorAfter":1594252800000,"cloudBuildWarnAfter":1590019200000,"defaultNode10After":1594252800000,"minVersion":"3.0.5","node8DeploysDisabledAfter":1613390400000,"node8RuntimeDisabledAfter":1615809600000,"node8WarnAfter":1600128000000}
[debug] [2024-03-02T20:09:54.498Z] <<< [apiv2][status] POST https://cloudresourcemanager.googleapis.com/v1/projects/projectdisney-app:testIamPermissions 200
[debug] [2024-03-02T20:09:54.498Z] <<< [apiv2][body] POST https://cloudresourcemanager.googleapis.com/v1/projects/projectdisney-app:testIamPermissions {}
[debug] [2024-03-02T20:09:54.498Z] [iam] error while checking permissions, command may fail: FirebaseError: Authorization failed. This account is missing the following required permissions on project projectdisney-app:

  firebase.projects.get
  firebasehosting.sites.update
[debug] [2024-03-02T20:09:54.500Z] >>> [apiv2][query] GET https://firebase.googleapis.com/v1beta1/projects/projectdisney-app [none]
[debug] [2024-03-02T20:09:54.951Z] <<< [apiv2][status] GET https://firebase.googleapis.com/v1beta1/projects/projectdisney-app 403
[debug] [2024-03-02T20:09:54.951Z] <<< [apiv2][body] GET https://firebase.googleapis.com/v1beta1/projects/projectdisney-app {"error":{"code":403,"message":"The caller does not have permission","status":"PERMISSION_DENIED"}}
[debug] [2024-03-02T20:09:54.952Z] HTTP Error: 403, The caller does not have permission
[error] 
[error] Error: Assertion failed: resolving hosting target of a site with no site name or target name. This should have caused an error earlier
[debug] [2024-03-02T20:10:28.551Z] ----------------------------------------------------------------------
[debug] [2024-03-02T20:10:28.553Z] Command:       C:\Program Files\nodejs\node.exe C:\Users\yingv\AppData\Roaming\npm\node_modules\firebase-tools\lib\bin\firebase.js deploy
[debug] [2024-03-02T20:10:28.554Z] CLI Version:   13.1.0
[debug] [2024-03-02T20:10:28.554Z] Platform:      win32
[debug] [2024-03-02T20:10:28.554Z] Node Version:  v20.10.0
[debug] [2024-03-02T20:10:28.554Z] Time:          Sun Mar 03 2024 03:10:28 GMT+0700 (เวลาอินโดจีน)
[debug] [2024-03-02T20:10:28.554Z] ----------------------------------------------------------------------
[debug] 
[debug] [2024-03-02T20:10:28.610Z] > command requires scopes: ["email","openid","https://www.googleapis.com/auth/cloudplatformprojects.readonly","https://www.googleapis.com/auth/firebase","https://www.googleapis.com/auth/cloud-platform"]
[debug] [2024-03-02T20:10:28.610Z] > authorizing via signed-in user (65011212173@msu.ac.th)
[debug] [2024-03-02T20:10:28.611Z] [iam] checking project projectdisney-app for permissions ["firebase.projects.get","firebasehosting.sites.update"]
[debug] [2024-03-02T20:10:28.612Z] >>> [apiv2][query] POST https://cloudresourcemanager.googleapis.com/v1/projects/projectdisney-app:testIamPermissions [none]
[debug] [2024-03-02T20:10:28.612Z] >>> [apiv2][(partial)header] POST https://cloudresourcemanager.googleapis.com/v1/projects/projectdisney-app:testIamPermissions x-goog-quota-user=projects/projectdisney-app
[debug] [2024-03-02T20:10:28.612Z] >>> [apiv2][body] POST https://cloudresourcemanager.googleapis.com/v1/projects/projectdisney-app:testIamPermissions {"permissions":["firebase.projects.get","firebasehosting.sites.update"]}
[debug] [2024-03-02T20:10:30.028Z] <<< [apiv2][status] POST https://cloudresourcemanager.googleapis.com/v1/projects/projectdisney-app:testIamPermissions 200
[debug] [2024-03-02T20:10:30.029Z] <<< [apiv2][body] POST https://cloudresourcemanager.googleapis.com/v1/projects/projectdisney-app:testIamPermissions {}
[debug] [2024-03-02T20:10:30.029Z] [iam] error while checking permissions, command may fail: FirebaseError: Authorization failed. This account is missing the following required permissions on project projectdisney-app:

  firebase.projects.get
  firebasehosting.sites.update
[debug] [2024-03-02T20:10:30.030Z] >>> [apiv2][query] GET https://firebase.googleapis.com/v1beta1/projects/projectdisney-app [none]
[debug] [2024-03-02T20:10:30.494Z] <<< [apiv2][status] GET https://firebase.googleapis.com/v1beta1/projects/projectdisney-app 403
[debug] [2024-03-02T20:10:30.494Z] <<< [apiv2][body] GET https://firebase.googleapis.com/v1beta1/projects/projectdisney-app {"error":{"code":403,"message":"The caller does not have permission","status":"PERMISSION_DENIED"}}
[debug] [2024-03-02T20:10:30.495Z] HTTP Error: 403, The caller does not have permission
[error] 
[error] Error: Assertion failed: resolving hosting target of a site with no site name or target name. This should have caused an error earlier
